2025-09-02 17:55:12,043 - __main__ - INFO - Loading training data...
2025-09-02 17:55:12,067 - __main__ - INFO - Loaded 10 samples from data/video_metadata.csv
2025-09-02 17:55:12,068 - utils.video_preprocessing - INFO - Video preprocessor initialized
2025-09-02 17:55:13,186 - models.vision_model - INFO - Vision model initialized. Classifier input dim: 514
2025-09-02 17:55:13,194 - __main__ - INFO - Starting training on cpu...
2025-09-02 17:55:13,194 - __main__ - INFO - Training samples: 10
2025-09-02 17:55:13,195 - __main__ - INFO - Sequence length: 10, Batch size: 2
2025-09-02 17:55:13,204 - __main__ - WARNING - Video file sample_video_2.mp4 not found. Generating synthetic data.
2025-09-02 17:55:13,231 - __main__ - WARNING - Video file sample_video_10.mp4 not found. Generating synthetic data.
2025-09-02 17:55:26,391 - __main__ - INFO - Epoch 1, Batch 0: Loss=2.1639
2025-09-02 17:55:26,392 - __main__ - WARNING - Video file sample_video_9.mp4 not found. Generating synthetic data.
2025-09-02 17:55:26,415 - __main__ - WARNING - Video file sample_video_1.mp4 not found. Generating synthetic data.
2025-09-02 17:55:36,306 - __main__ - WARNING - Video file sample_video_4.mp4 not found. Generating synthetic data.
2025-09-02 17:55:36,327 - __main__ - WARNING - Video file sample_video_5.mp4 not found. Generating synthetic data.
2025-09-02 17:55:46,100 - __main__ - INFO - Epoch 1, Batch 2: Loss=1.9752
2025-09-02 17:55:46,101 - __main__ - WARNING - Video file sample_video_8.mp4 not found. Generating synthetic data.
2025-09-02 17:55:46,127 - __main__ - WARNING - Video file sample_video_3.mp4 not found. Generating synthetic data.
2025-09-02 17:55:56,097 - __main__ - WARNING - Video file sample_video_6.mp4 not found. Generating synthetic data.
2025-09-02 17:55:56,117 - __main__ - WARNING - Video file sample_video_7.mp4 not found. Generating synthetic data.
2025-09-02 17:56:06,037 - __main__ - INFO - Epoch 1, Batch 4: Loss=1.7836
2025-09-02 17:56:06,039 - __main__ - INFO - Epoch 1/2:
2025-09-02 17:56:06,039 - __main__ - INFO -   Train Loss: 1.9985 (Engagement: 0.6491, Confidence: 0.6841, Attention: 0.6652)
2025-09-02 17:56:06,041 - __main__ - WARNING - Video file sample_video_4.mp4 not found. Generating synthetic data.
2025-09-02 17:56:06,060 - __main__ - WARNING - Video file sample_video_3.mp4 not found. Generating synthetic data.
2025-09-02 17:56:15,728 - __main__ - INFO - Epoch 2, Batch 0: Loss=1.8631
2025-09-02 17:56:15,729 - __main__ - WARNING - Video file sample_video_8.mp4 not found. Generating synthetic data.
2025-09-02 17:56:15,752 - __main__ - WARNING - Video file sample_video_1.mp4 not found. Generating synthetic data.
2025-09-02 17:56:25,659 - __main__ - WARNING - Video file sample_video_10.mp4 not found. Generating synthetic data.
2025-09-02 17:56:25,677 - __main__ - WARNING - Video file sample_video_2.mp4 not found. Generating synthetic data.
2025-09-02 17:56:35,351 - __main__ - INFO - Epoch 2, Batch 2: Loss=1.6451
2025-09-02 17:56:35,352 - __main__ - WARNING - Video file sample_video_5.mp4 not found. Generating synthetic data.
2025-09-02 17:56:35,373 - __main__ - WARNING - Video file sample_video_6.mp4 not found. Generating synthetic data.
2025-09-02 17:56:45,176 - __main__ - WARNING - Video file sample_video_9.mp4 not found. Generating synthetic data.
2025-09-02 17:56:45,192 - __main__ - WARNING - Video file sample_video_7.mp4 not found. Generating synthetic data.
2025-09-02 17:56:55,030 - __main__ - INFO - Epoch 2, Batch 4: Loss=1.3811
2025-09-02 17:56:55,032 - __main__ - INFO - Epoch 2/2:
2025-09-02 17:56:55,032 - __main__ - INFO -   Train Loss: 1.6719 (Engagement: 0.5553, Confidence: 0.5751, Attention: 0.5416)
2025-09-02 17:56:55,196 - models.vision_model - INFO - Vision model saved to models/vision_model.pth
2025-09-02 17:56:55,196 - __main__ - INFO - Training completed. Model saved to models/vision_model.pth
