2025-09-02 18:15:05,641 - models.nlp_model - INFO - NLP model initialized with BERT base
2025-09-02 18:15:07,867 - models.nlp_model - INFO - Model loaded from models/nlp_model.pth
2025-09-02 18:15:09,195 - models.vision_model - INFO - Vision model initialized. Classifier input dim: 514
2025-09-02 18:15:09,251 - models.vision_model - INFO - Vision model loaded from models/vision_model.pth
2025-09-02 18:15:09,259 - utils.text_preprocessing - INFO - Text preprocessor initialized with NLTK
2025-09-02 18:15:09,259 - utils.video_preprocessing - INFO - Video preprocessor initialized
2025-09-02 18:15:09,263 - inference - INFO - Interview analyzer initialized
2025-09-02 18:15:25,397 - models.nlp_model - INFO - NLP model initialized with BERT base
2025-09-02 18:15:27,340 - models.nlp_model - INFO - Model loaded from models/nlp_model.pth
2025-09-02 18:15:28,767 - models.vision_model - INFO - Vision model initialized. Classifier input dim: 514
2025-09-02 18:15:28,809 - models.vision_model - INFO - Vision model loaded from models/vision_model.pth
2025-09-02 18:15:28,812 - utils.text_preprocessing - INFO - Text preprocessor initialized with NLTK
2025-09-02 18:15:28,813 - utils.video_preprocessing - INFO - Video preprocessor initialized
2025-09-02 18:15:28,818 - inference - INFO - Interview analyzer initialized
2025-09-02 18:15:37,173 - models.nlp_model - INFO - NLP model initialized with BERT base
2025-09-02 18:15:39,403 - models.nlp_model - INFO - Model loaded from models/nlp_model.pth
2025-09-02 18:15:41,154 - models.vision_model - INFO - Vision model initialized. Classifier input dim: 514
2025-09-02 18:15:41,200 - models.vision_model - INFO - Vision model loaded from models/vision_model.pth
2025-09-02 18:15:41,205 - utils.text_preprocessing - INFO - Text preprocessor initialized with NLTK
2025-09-02 18:15:41,206 - utils.video_preprocessing - INFO - Video preprocessor initialized
2025-09-02 18:15:41,210 - inference - INFO - Interview analyzer initialized
2025-09-02 18:15:41,363 - inference - INFO - Analyzing candidate: John Doe
2025-09-02 18:15:42,882 - utils.text_preprocessing - ERROR - Text cleaning failed: 
**********************************************************************
  Resource [93mpunkt_tab[0m not found.
  Please use the NLTK Downloader to obtain the resource:

  [31m>>> import nltk
  >>> nltk.download('punkt_tab')
  [0m
  For more information see: https://www.nltk.org/data.html

  Attempted to load [93mtokenizers/punkt_tab/english/[0m

  Searched in:
    - 'C:\\Users\\Administrator/nltk_data'
    - 'C:\\Users\\Administrator\\AppData\\Local\\Programs\\Python\\Python39\\nltk_data'
    - 'C:\\Users\\Administrator\\AppData\\Local\\Programs\\Python\\Python39\\share\\nltk_data'
    - 'C:\\Users\\Administrator\\AppData\\Local\\Programs\\Python\\Python39\\lib\\nltk_data'
    - 'C:\\Users\\Administrator\\AppData\\Roaming\\nltk_data'
    - 'C:\\nltk_data'
    - 'D:\\nltk_data'
    - 'E:\\nltk_data'
**********************************************************************

