2025-09-02 18:19:41,404 - models.nlp_model - INFO - NLP model initialized with BERT base
2025-09-02 18:19:43,953 - models.nlp_model - INFO - Model loaded from models/nlp_model.pth
2025-09-02 18:19:46,133 - models.vision_model - INFO - Vision model initialized. Classifier input dim: 514
2025-09-02 18:19:46,177 - models.vision_model - INFO - Vision model loaded from models/vision_model.pth
2025-09-02 18:19:47,147 - root - INFO - NLTK tokenizer loaded successfully
2025-09-02 18:19:47,149 - utils.video_preprocessing - INFO - Video preprocessor initialized
2025-09-02 18:19:47,152 - inference - INFO - Interview analyzer initialized
2025-09-02 18:20:15,086 - models.nlp_model - INFO - NLP model initialized with BERT base
2025-09-02 18:20:17,360 - models.nlp_model - INFO - Model loaded from models/nlp_model.pth
2025-09-02 18:20:18,782 - models.vision_model - INFO - Vision model initialized. Classifier input dim: 514
2025-09-02 18:20:18,827 - models.vision_model - INFO - Vision model loaded from models/vision_model.pth
2025-09-02 18:20:18,830 - root - INFO - NLTK tokenizer loaded successfully
2025-09-02 18:20:18,831 - utils.video_preprocessing - INFO - Video preprocessor initialized
2025-09-02 18:20:18,839 - inference - INFO - Interview analyzer initialized
2025-09-02 18:20:25,629 - models.nlp_model - INFO - NLP model initialized with BERT base
2025-09-02 18:20:27,814 - models.nlp_model - INFO - Model loaded from models/nlp_model.pth
2025-09-02 18:20:29,189 - models.vision_model - INFO - Vision model initialized. Classifier input dim: 514
2025-09-02 18:20:29,247 - models.vision_model - INFO - Vision model loaded from models/vision_model.pth
2025-09-02 18:20:29,250 - root - INFO - NLTK tokenizer loaded successfully
2025-09-02 18:20:29,251 - utils.video_preprocessing - INFO - Video preprocessor initialized
2025-09-02 18:20:29,254 - inference - INFO - Interview analyzer initialized
2025-09-02 18:20:29,411 - inference - INFO - Analyzing candidate: John Doe
2025-09-02 18:20:31,026 - root - ERROR - Text cleaning failed: 
**********************************************************************
  Resource [93mpunkt_tab[0m not found.
  Please use the NLTK Downloader to obtain the resource:

  [31m>>> import nltk
  >>> nltk.download('punkt_tab')
  [0m
  For more information see: https://www.nltk.org/data.html

  Attempted to load [93mtokenizers/punkt_tab/english/[0m

  Searched in:
    - 'C:\\Users\\Administrator/nltk_data'
    - 'C:\\Users\\Administrator\\AppData\\Local\\Programs\\Python\\Python39\\nltk_data'
    - 'C:\\Users\\Administrator\\AppData\\Local\\Programs\\Python\\Python39\\share\\nltk_data'
    - 'C:\\Users\\Administrator\\AppData\\Local\\Programs\\Python\\Python39\\lib\\nltk_data'
    - 'C:\\Users\\Administrator\\AppData\\Roaming\\nltk_data'
    - 'C:\\nltk_data'
    - 'D:\\nltk_data'
    - 'E:\\nltk_data'
**********************************************************************

2025-09-02 18:21:29,781 - utils.video_preprocessing - INFO - Extracted 30 frames from C:\Users\ADMINI~1\AppData\Local\Temp\tmpcrqpwib4.mp4
2025-09-02 18:29:35,115 - models.nlp_model - INFO - NLP model initialized with BERT base
2025-09-02 18:29:37,761 - models.nlp_model - INFO - Model loaded from models/nlp_model.pth
2025-09-02 18:29:40,595 - models.vision_model - INFO - Vision model initialized. Classifier input dim: 514
2025-09-02 18:29:40,634 - models.vision_model - INFO - Vision model loaded from models/vision_model.pth
2025-09-02 18:29:40,637 - root - INFO - NLTK tokenizer loaded successfully
2025-09-02 18:29:40,638 - utils.video_preprocessing - INFO - Video preprocessor initialized
2025-09-02 18:29:40,640 - inference - INFO - Interview analyzer initialized
2025-09-02 18:29:40,752 - inference - INFO - Analyzing candidate: John Doe
2025-09-02 18:29:42,103 - root - ERROR - Text cleaning failed: 
**********************************************************************
  Resource [93mpunkt_tab[0m not found.
  Please use the NLTK Downloader to obtain the resource:

  [31m>>> import nltk
  >>> nltk.download('punkt_tab')
  [0m
  For more information see: https://www.nltk.org/data.html

  Attempted to load [93mtokenizers/punkt_tab/english/[0m

  Searched in:
    - 'C:\\Users\\Administrator/nltk_data'
    - 'C:\\Users\\Administrator\\AppData\\Local\\Programs\\Python\\Python39\\nltk_data'
    - 'C:\\Users\\Administrator\\AppData\\Local\\Programs\\Python\\Python39\\share\\nltk_data'
    - 'C:\\Users\\Administrator\\AppData\\Local\\Programs\\Python\\Python39\\lib\\nltk_data'
    - 'C:\\Users\\Administrator\\AppData\\Roaming\\nltk_data'
    - 'C:\\nltk_data'
    - 'D:\\nltk_data'
    - 'E:\\nltk_data'
**********************************************************************

2025-09-02 18:30:43,520 - utils.video_preprocessing - INFO - Extracted 30 frames from C:\Users\ADMINI~1\AppData\Local\Temp\tmpf_3fh6ty.mp4
2025-09-02 18:35:07,193 - models.nlp_model - INFO - NLP model initialized with BERT base
2025-09-02 18:35:07,521 - models.nlp_model - INFO - NLP model initialized with BERT base
2025-09-02 18:35:13,307 - models.nlp_model - INFO - Model loaded from models/nlp_model.pth
2025-09-02 18:35:13,318 - models.nlp_model - INFO - Model loaded from models/nlp_model.pth
2025-09-02 18:35:17,284 - models.vision_model - INFO - Vision model initialized. Classifier input dim: 514
2025-09-02 18:35:17,284 - models.vision_model - INFO - Vision model initialized. Classifier input dim: 514
2025-09-02 18:35:17,364 - models.vision_model - INFO - Vision model loaded from models/vision_model.pth
2025-09-02 18:35:17,364 - models.vision_model - INFO - Vision model loaded from models/vision_model.pth
2025-09-02 18:35:17,383 - root - INFO - NLTK tokenizer loaded successfully
2025-09-02 18:35:17,391 - utils.video_preprocessing - INFO - Video preprocessor initialized
2025-09-02 18:35:17,392 - root - INFO - NLTK tokenizer loaded successfully
2025-09-02 18:35:17,396 - inference - INFO - Interview analyzer initialized
2025-09-02 18:35:17,397 - utils.video_preprocessing - INFO - Video preprocessor initialized
2025-09-02 18:35:17,427 - inference - INFO - Interview analyzer initialized
2025-09-02 18:35:19,113 - inference - INFO - Analyzing candidate: John Doe
2025-09-02 18:35:21,397 - root - ERROR - Text cleaning failed: 
**********************************************************************
  Resource [93mpunkt_tab[0m not found.
  Please use the NLTK Downloader to obtain the resource:

  [31m>>> import nltk
  >>> nltk.download('punkt_tab')
  [0m
  For more information see: https://www.nltk.org/data.html

  Attempted to load [93mtokenizers/punkt_tab/english/[0m

  Searched in:
    - 'C:\\Users\\Administrator/nltk_data'
    - 'C:\\Users\\Administrator\\AppData\\Local\\Programs\\Python\\Python39\\nltk_data'
    - 'C:\\Users\\Administrator\\AppData\\Local\\Programs\\Python\\Python39\\share\\nltk_data'
    - 'C:\\Users\\Administrator\\AppData\\Local\\Programs\\Python\\Python39\\lib\\nltk_data'
    - 'C:\\Users\\Administrator\\AppData\\Roaming\\nltk_data'
    - 'C:\\nltk_data'
    - 'D:\\nltk_data'
    - 'E:\\nltk_data'
**********************************************************************

2025-09-02 18:36:16,146 - utils.video_preprocessing - INFO - Extracted 30 frames from C:\Users\ADMINI~1\AppData\Local\Temp\tmpwtgoff5k.mp4
2025-09-02 18:39:01,546 - models.nlp_model - INFO - NLP model initialized with BERT base
2025-09-02 18:39:02,071 - models.nlp_model - INFO - NLP model initialized with BERT base
2025-09-02 18:39:04,485 - models.nlp_model - INFO - Model loaded from models/nlp_model.pth
2025-09-02 18:39:04,485 - models.nlp_model - INFO - Model loaded from models/nlp_model.pth
2025-09-02 18:39:06,149 - models.vision_model - INFO - Vision model initialized. Classifier input dim: 514
2025-09-02 18:39:06,149 - models.vision_model - INFO - Vision model initialized. Classifier input dim: 514
2025-09-02 18:39:06,225 - models.vision_model - INFO - Vision model loaded from models/vision_model.pth
2025-09-02 18:39:06,226 - models.vision_model - INFO - Vision model loaded from models/vision_model.pth
2025-09-02 18:39:06,230 - root - INFO - NLTK tokenizer loaded successfully
2025-09-02 18:39:06,230 - root - INFO - NLTK tokenizer loaded successfully
2025-09-02 18:39:06,230 - utils.video_preprocessing - INFO - Video preprocessor initialized
2025-09-02 18:39:06,231 - utils.video_preprocessing - INFO - Video preprocessor initialized
2025-09-02 18:39:06,234 - inference - INFO - Interview analyzer initialized
2025-09-02 18:39:06,236 - inference - INFO - Interview analyzer initialized
2025-09-02 18:39:06,344 - inference - INFO - Analyzing candidate: John Doe
2025-09-02 18:39:07,786 - root - ERROR - Text cleaning failed: 
**********************************************************************
  Resource [93mpunkt_tab[0m not found.
  Please use the NLTK Downloader to obtain the resource:

  [31m>>> import nltk
  >>> nltk.download('punkt_tab')
  [0m
  For more information see: https://www.nltk.org/data.html

  Attempted to load [93mtokenizers/punkt_tab/english/[0m

  Searched in:
    - 'C:\\Users\\Administrator/nltk_data'
    - 'C:\\Users\\Administrator\\AppData\\Local\\Programs\\Python\\Python39\\nltk_data'
    - 'C:\\Users\\Administrator\\AppData\\Local\\Programs\\Python\\Python39\\share\\nltk_data'
    - 'C:\\Users\\Administrator\\AppData\\Local\\Programs\\Python\\Python39\\lib\\nltk_data'
    - 'C:\\Users\\Administrator\\AppData\\Roaming\\nltk_data'
    - 'C:\\nltk_data'
    - 'D:\\nltk_data'
    - 'E:\\nltk_data'
**********************************************************************

2025-09-02 18:39:07,794 - root - ERROR - Text cleaning failed: 
**********************************************************************
  Resource [93mpunkt_tab[0m not found.
  Please use the NLTK Downloader to obtain the resource:

  [31m>>> import nltk
  >>> nltk.download('punkt_tab')
  [0m
  For more information see: https://www.nltk.org/data.html

  Attempted to load [93mtokenizers/punkt_tab/english/[0m

  Searched in:
    - 'C:\\Users\\Administrator/nltk_data'
    - 'C:\\Users\\Administrator\\AppData\\Local\\Programs\\Python\\Python39\\nltk_data'
    - 'C:\\Users\\Administrator\\AppData\\Local\\Programs\\Python\\Python39\\share\\nltk_data'
    - 'C:\\Users\\Administrator\\AppData\\Local\\Programs\\Python\\Python39\\lib\\nltk_data'
    - 'C:\\Users\\Administrator\\AppData\\Roaming\\nltk_data'
    - 'C:\\nltk_data'
    - 'D:\\nltk_data'
    - 'E:\\nltk_data'
**********************************************************************

2025-09-02 18:40:02,850 - utils.video_preprocessing - INFO - Extracted 30 frames from C:\Users\ADMINI~1\AppData\Local\Temp\tmpktyjvnyb.mp4
2025-09-02 18:40:22,351 - models.nlp_model - INFO - NLP model initialized with BERT base
2025-09-02 18:40:23,585 - models.nlp_model - INFO - Model loaded from models/nlp_model.pth
2025-09-02 18:40:24,461 - models.vision_model - INFO - Vision model initialized. Classifier input dim: 514
2025-09-02 18:40:24,510 - models.vision_model - INFO - Vision model loaded from models/vision_model.pth
2025-09-02 18:40:24,511 - root - INFO - NLTK tokenizer loaded successfully
2025-09-02 18:40:24,512 - utils.video_preprocessing - INFO - Video preprocessor initialized
2025-09-02 18:40:24,515 - inference - INFO - Interview analyzer initialized
